2013-09-01 10:24:58 Warning: Warning (2): opendir(/home/shared/inviati/get/) [http://php.net/function.opendir]: failed to open dir: Permission denied in [/var/local/share/getput-cake/cake/libs/folder.php, line 169]
2013-09-11 14:37:56 Warning: Warning (2): move_uploaded_file(/home/shared/inviati/put/art/BEN_testart@ABBATE_ANNA_RIT.txt) [http://php.net/function.move-uploaded-file]: failed to open stream: Permission denied in [/var/local/share/getput-cake/app/controllers/uploads_controller.php, line 107]
2013-09-11 14:37:56 Warning: Warning (2): move_uploaded_file() [http://php.net/function.move-uploaded-file]: Unable to move '/tmp/phpIxqynj' to '/home/shared/inviati/put/art/BEN_testart@ABBATE_ANNA_RIT.txt' in [/var/local/share/getput-cake/app/controllers/uploads_controller.php, line 107]
2013-11-05 12:24:23 Warning: Warning (2): move_uploaded_file(/ALL_prova.txt) [http://php.net/function.move-uploaded-file]: failed to open stream: Permission denied in [/var/local/share/getput-cake/app/controllers/uploads_controller.php, line 844]
2013-11-05 12:24:23 Warning: Warning (2): move_uploaded_file() [http://php.net/function.move-uploaded-file]: Unable to move '/tmp/php48mjPM' to '/ALL_prova.txt' in [/var/local/share/getput-cake/app/controllers/uploads_controller.php, line 844]
2013-11-05 12:24:49 Warning: Warning (2): move_uploaded_file(/CRO_prova.txt) [http://php.net/function.move-uploaded-file]: failed to open stream: Permission denied in [/var/local/share/getput-cake/app/controllers/uploads_controller.php, line 844]
2013-11-05 12:24:49 Warning: Warning (2): move_uploaded_file() [http://php.net/function.move-uploaded-file]: Unable to move '/tmp/phpw40Fb1' to '/CRO_prova.txt' in [/var/local/share/getput-cake/app/controllers/uploads_controller.php, line 844]
2013-11-07 15:20:00 Warning: Warning (2): unlink(/var/local/share/getput-cake/app/tmp/cache/models/cake_model_default_getput_type_access_desc) [http://php.net/function.unlink]: No such file or directory in [/var/local/share/getput-cake/cake/libs/file.php, line 296]
2013-11-19 18:01:59 Warning: Warning (2): move_uploaded_file(/SAL_del.lidolago@BATTISTA_STEFAN.jpg) [http://php.net/function.move-uploaded-file]: failed to open stream: Permission denied in [/var/local/share/getput-cake/app/controllers/uploads_controller.php, line 844]
2013-11-19 18:01:59 Warning: Warning (2): move_uploaded_file() [http://php.net/function.move-uploaded-file]: Unable to move '/tmp/php5pJrAl' to '/SAL_del.lidolago@BATTISTA_STEFAN.jpg' in [/var/local/share/getput-cake/app/controllers/uploads_controller.php, line 844]
2013-11-25 16:11:55 Warning: Warning (2): move_uploaded_file(/BEN_foto@COCCA_LUCIA.jpg) [http://php.net/function.move-uploaded-file]: failed to open stream: Permission denied in [/var/local/share/getput-cake/app/controllers/uploads_controller.php, line 844]
2013-11-25 16:11:55 Warning: Warning (2): move_uploaded_file() [http://php.net/function.move-uploaded-file]: Unable to move '/tmp/php4tvbHw' to '/BEN_foto@COCCA_LUCIA.jpg' in [/var/local/share/getput-cake/app/controllers/uploads_controller.php, line 844]
2013-12-18 17:39:52 Warning: Warning (512): <span style="color:Red;text-align:left"><b>SQL Error:</b> 1030: Got error 28 from storage engine</span> in [/var/local/share/getput-cake/cake/libs/model/datasources/dbo_source.php, line 684]
2013-12-18 17:39:53 Warning: Warning (2): Invalid argument supplied for foreach() in [/var/local/share/getput-cake/cake/libs/model/datasources/dbo/dbo_mysql.php, line 127]
2013-12-18 17:39:53 Warning: Warning (2): Cannot modify header information - headers already sent by (output started at /var/local/share/getput-cake/cake/libs/debugger.php:673) in [/var/local/share/getput-cake/cake/libs/controller/components/request_handler.php, line 758]
2013-12-18 17:39:53 Warning: Warning (2): Invalid argument supplied for foreach() in [/var/local/share/getput-cake/cake/libs/model/datasources/dbo/dbo_mysql.php, line 127]
2013-12-18 17:39:53 Warning: Warning (2): array_keys() expects parameter 1 to be array, boolean given in [/var/local/share/getput-cake/cake/libs/model/datasources/dbo_source.php, line 1953]
2013-12-18 17:39:53 Warning: Warning (2): Invalid argument supplied for foreach() in [/var/local/share/getput-cake/cake/libs/model/datasources/dbo/dbo_mysql.php, line 127]
2013-12-18 17:39:53 Warning: Warning (2): array_keys() expects parameter 1 to be array, boolean given in [/var/local/share/getput-cake/cake/libs/model/datasources/dbo_source.php, line 1966]
2013-12-18 17:39:53 Warning: Warning (2): array_filter() expects parameter 1 to be array, null given in [/var/local/share/getput-cake/cake/libs/model/datasources/dbo_source.php, line 1970]
2013-12-18 17:39:53 Warning: Warning (2): array_values() expects parameter 1 to be array, null given in [/var/local/share/getput-cake/cake/libs/model/datasources/dbo_source.php, line 1970]
2013-12-18 17:39:53 Warning: Warning (2): array_unique() expects parameter 1 to be array, null given in [/var/local/share/getput-cake/cake/libs/model/datasources/dbo_source.php, line 2052]
2013-12-18 17:39:53 Warning: Warning (2): Invalid argument supplied for foreach() in [/var/local/share/getput-cake/cake/libs/model/datasources/dbo/dbo_mysql.php, line 127]
2013-12-18 17:39:53 Warning: Warning (2): array_keys() expects parameter 1 to be array, boolean given in [/var/local/share/getput-cake/cake/libs/model/datasources/dbo_source.php, line 1953]
2013-12-18 17:39:53 Warning: Warning (2): Invalid argument supplied for foreach() in [/var/local/share/getput-cake/cake/libs/model/datasources/dbo/dbo_mysql.php, line 127]
2013-12-18 17:39:53 Warning: Warning (2): array_keys() expects parameter 1 to be array, boolean given in [/var/local/share/getput-cake/cake/libs/model/datasources/dbo_source.php, line 1966]
2013-12-18 17:39:53 Warning: Warning (2): array_filter() expects parameter 1 to be array, null given in [/var/local/share/getput-cake/cake/libs/model/datasources/dbo_source.php, line 1970]
2013-12-18 17:39:53 Warning: Warning (2): array_values() expects parameter 1 to be array, null given in [/var/local/share/getput-cake/cake/libs/model/datasources/dbo_source.php, line 1970]
2013-12-18 17:39:53 Warning: Warning (2): array_unique() expects parameter 1 to be array, null given in [/var/local/share/getput-cake/cake/libs/model/datasources/dbo_source.php, line 2052]
2013-12-18 17:39:53 Warning: Warning (2): array_unique() expects parameter 1 to be array, null given in [/var/local/share/getput-cake/cake/libs/model/datasources/dbo_source.php, line 1244]
2013-12-18 17:39:53 Warning: Warning (2): Invalid argument supplied for foreach() in [/var/local/share/getput-cake/cake/libs/model/datasources/dbo/dbo_mysql.php, line 127]
2013-12-18 17:39:53 Warning: Warning (2): Invalid argument supplied for foreach() in [/var/local/share/getput-cake/cake/libs/model/datasources/dbo/dbo_mysql.php, line 127]
2013-12-18 17:39:53 Warning: Warning (2): implode() [http://php.net/function.implode]: Invalid arguments passed in [/var/local/share/getput-cake/cake/libs/model/datasources/dbo_source.php, line 1463]
2013-12-18 17:39:53 Warning: Warning (2): Invalid argument supplied for foreach() in [/var/local/share/getput-cake/cake/libs/model/datasources/dbo/dbo_mysql.php, line 127]
2013-12-18 17:39:53 Warning: Warning (2): array_keys() expects parameter 1 to be array, boolean given in [/var/local/share/getput-cake/cake/libs/model/datasources/dbo_source.php, line 1953]
2013-12-18 17:39:53 Warning: Warning (2): Invalid argument supplied for foreach() in [/var/local/share/getput-cake/cake/libs/model/datasources/dbo/dbo_mysql.php, line 127]
2013-12-18 17:39:53 Warning: Warning (2): Invalid argument supplied for foreach() in [/var/local/share/getput-cake/cake/libs/model/datasources/dbo/dbo_mysql.php, line 127]
2013-12-18 17:39:53 Warning: Warning (2): Invalid argument supplied for foreach() in [/var/local/share/getput-cake/cake/libs/model/datasources/dbo/dbo_mysql.php, line 127]
2013-12-18 17:39:53 Warning: Warning (2): Invalid argument supplied for foreach() in [/var/local/share/getput-cake/cake/libs/model/datasources/dbo/dbo_mysql.php, line 127]
2013-12-18 17:39:53 Warning: Warning (2): array_keys() expects parameter 1 to be array, boolean given in [/var/local/share/getput-cake/cake/libs/model/datasources/dbo_source.php, line 1953]
2013-12-18 17:39:53 Warning: Warning (2): Invalid argument supplied for foreach() in [/var/local/share/getput-cake/cake/libs/model/datasources/dbo/dbo_mysql.php, line 127]
2014-01-21 13:09:40 Warning: Warning (2): imap_open() [http://php.net/function.imap-open]: Couldn't open stream {linux:143/imap4/notls} in [/var/local/share/getput-cake/app/controllers/users_controller.php, line 227]
2014-02-12 12:01:38 Warning: Warning (2): readfile(/home/shared/dl/Editor2.exe) [http://php.net/function.readfile]: failed to open stream: No such file or directory in [/var/local/share/getput-cake/app/controllers/downloads_controller.php, line 417]
2014-02-12 12:15:00 Warning: Warning (2): unlink(/var/local/share/getput-cake/app/tmp/cache/models/cake_model_default_getput_users_addon) [http://php.net/function.unlink]: No such file or directory in [/var/local/share/getput-cake/cake/libs/file.php, line 296]
2014-02-12 12:44:24 Warning: Warning (2): filesize() [http://php.net/function.filesize]: stat failed for Editor2.exe in [/var/local/share/getput-cake/app/controllers/downloads_controller.php, line 395]
2014-02-12 12:44:39 Warning: Warning (2): filesize() [http://php.net/function.filesize]: stat failed for Editor2.exe in [/var/local/share/getput-cake/app/controllers/downloads_controller.php, line 395]
2014-02-12 12:45:56 Warning: Warning (2): filesize() [http://php.net/function.filesize]: stat failed for Editor2.exe in [/var/local/share/getput-cake/app/controllers/downloads_controller.php, line 395]
2014-02-18 15:52:26 Warning: Warning (2): imap_open() [http://php.net/function.imap-open]: Couldn't open stream {linux:143/imap4/notls} in [/var/local/share/getput-cake/app/controllers/users_controller.php, line 227]
2014-02-22 23:49:09 Warning: Warning (2): imap_open() [http://php.net/function.imap-open]: Couldn't open stream {linux:143/imap4/notls} in [/var/local/share/getput-cake/app/controllers/users_controller.php, line 227]
2014-03-11 17:28:16 Warning: Warning (2): move_uploaded_file(/CAS_SanMarcoTrotti1@TANZILLO_VINCEN.JPG) [http://php.net/function.move-uploaded-file]: failed to open stream: Permission denied in [/var/local/share/getput-cake/app/controllers/uploads_controller.php, line 844]
2014-03-11 17:28:16 Warning: Warning (2): move_uploaded_file() [http://php.net/function.move-uploaded-file]: Unable to move '/tmp/phpLMheJJ' to '/CAS_SanMarcoTrotti1@TANZILLO_VINCEN.JPG' in [/var/local/share/getput-cake/app/controllers/uploads_controller.php, line 844]
2014-03-11 17:28:47 Warning: Warning (2): move_uploaded_file(/CAS_SanMarcoTrotti1@TANZILLO_VINCEN.JPG) [http://php.net/function.move-uploaded-file]: failed to open stream: Permission denied in [/var/local/share/getput-cake/app/controllers/uploads_controller.php, line 844]
2014-03-11 17:28:47 Warning: Warning (2): move_uploaded_file() [http://php.net/function.move-uploaded-file]: Unable to move '/tmp/phpEvX6Sl' to '/CAS_SanMarcoTrotti1@TANZILLO_VINCEN.JPG' in [/var/local/share/getput-cake/app/controllers/uploads_controller.php, line 844]
2014-03-12 06:30:37 Warning: Warning (2): mysql_connect() [http://php.net/function.mysql-connect]: Can't connect to local MySQL server through socket '/var/run/mysqld/mysqld.sock' (2) in [/var/local/share/getput-cake/cake/libs/model/datasources/dbo/dbo_mysql.php, line 552]
2014-03-12 06:30:37 Warning: Warning (2): mysql_select_db() expects parameter 2 to be resource, boolean given in [/var/local/share/getput-cake/cake/libs/model/datasources/dbo/dbo_mysql.php, line 558]
2014-03-12 06:30:37 Warning: Warning (2): mysql_get_server_info() expects parameter 1 to be resource, boolean given in [/var/local/share/getput-cake/cake/libs/model/datasources/dbo/dbo_mysql.php, line 566]
2014-03-12 06:30:37 Warning: Warning (2): mysql_query() expects parameter 2 to be resource, boolean given in [/var/local/share/getput-cake/cake/libs/model/datasources/dbo/dbo_mysql.php, line 600]
2014-03-12 06:30:37 Warning: Warning (2): Cannot modify header information - headers already sent by (output started at /var/local/share/getput-cake/cake/libs/debugger.php:673) in [/var/local/share/getput-cake/cake/libs/controller/controller.php, line 746]
2014-03-19 06:30:20 Warning: Warning (2): mysql_connect() [http://php.net/function.mysql-connect]: Can't connect to local MySQL server through socket '/var/run/mysqld/mysqld.sock' (2) in [/var/local/share/getput-cake/cake/libs/model/datasources/dbo/dbo_mysql.php, line 552]
2014-03-19 06:30:20 Warning: Warning (2): mysql_select_db() expects parameter 2 to be resource, boolean given in [/var/local/share/getput-cake/cake/libs/model/datasources/dbo/dbo_mysql.php, line 558]
2014-03-19 06:30:20 Warning: Warning (2): mysql_get_server_info() expects parameter 1 to be resource, boolean given in [/var/local/share/getput-cake/cake/libs/model/datasources/dbo/dbo_mysql.php, line 566]
2014-03-19 06:30:20 Warning: Warning (2): mysql_query() expects parameter 2 to be resource, boolean given in [/var/local/share/getput-cake/cake/libs/model/datasources/dbo/dbo_mysql.php, line 600]
2014-03-19 06:30:20 Warning: Warning (2): Cannot modify header information - headers already sent by (output started at /var/local/share/getput-cake/cake/libs/debugger.php:673) in [/var/local/share/getput-cake/cake/libs/controller/controller.php, line 746]
2014-03-19 06:30:21 Warning: Warning (2): mysql_connect() [http://php.net/function.mysql-connect]: Can't connect to local MySQL server through socket '/var/run/mysqld/mysqld.sock' (2) in [/var/local/share/getput-cake/cake/libs/model/datasources/dbo/dbo_mysql.php, line 552]
2014-03-19 06:30:21 Warning: Warning (2): mysql_select_db() expects parameter 2 to be resource, boolean given in [/var/local/share/getput-cake/cake/libs/model/datasources/dbo/dbo_mysql.php, line 558]
2014-03-19 06:30:21 Warning: Warning (2): mysql_get_server_info() expects parameter 1 to be resource, boolean given in [/var/local/share/getput-cake/cake/libs/model/datasources/dbo/dbo_mysql.php, line 566]
2014-03-19 06:30:21 Warning: Warning (2): mysql_query() expects parameter 2 to be resource, boolean given in [/var/local/share/getput-cake/cake/libs/model/datasources/dbo/dbo_mysql.php, line 600]
2014-03-19 06:30:21 Warning: Warning (2): Cannot modify header information - headers already sent by (output started at /var/local/share/getput-cake/cake/libs/debugger.php:673) in [/var/local/share/getput-cake/cake/libs/controller/controller.php, line 746]
2014-03-19 22:57:11 Warning: Warning (2): session_start() [http://php.net/function.session-start]: The session id is too long or contains illegal characters, valid characters are a-z, A-Z, 0-9 and '-,' in [/var/local/share/getput-cake/cake/libs/cake_session.php, line 587]
2014-04-18 06:30:28 Warning: Warning (2): mysql_connect() [http://php.net/function.mysql-connect]: Can't connect to local MySQL server through socket '/var/run/mysqld/mysqld.sock' (2) in [/var/local/share/getput-cake/cake/libs/model/datasources/dbo/dbo_mysql.php, line 552]
2014-04-18 06:30:28 Warning: Warning (2): mysql_select_db() expects parameter 2 to be resource, boolean given in [/var/local/share/getput-cake/cake/libs/model/datasources/dbo/dbo_mysql.php, line 558]
2014-04-18 06:30:28 Warning: Warning (2): mysql_get_server_info() expects parameter 1 to be resource, boolean given in [/var/local/share/getput-cake/cake/libs/model/datasources/dbo/dbo_mysql.php, line 566]
2014-04-18 06:30:28 Warning: Warning (2): mysql_query() expects parameter 2 to be resource, boolean given in [/var/local/share/getput-cake/cake/libs/model/datasources/dbo/dbo_mysql.php, line 600]
2014-04-18 06:30:28 Warning: Warning (2): Cannot modify header information - headers already sent by (output started at /var/local/share/getput-cake/cake/libs/debugger.php:673) in [/var/local/share/getput-cake/cake/libs/controller/controller.php, line 746]
2014-04-18 06:30:39 Warning: Warning (2): mysql_connect() [http://php.net/function.mysql-connect]: Can't connect to local MySQL server through socket '/var/run/mysqld/mysqld.sock' (2) in [/var/local/share/getput-cake/cake/libs/model/datasources/dbo/dbo_mysql.php, line 552]
2014-04-18 06:30:39 Warning: Warning (2): mysql_select_db() expects parameter 2 to be resource, boolean given in [/var/local/share/getput-cake/cake/libs/model/datasources/dbo/dbo_mysql.php, line 558]
2014-04-18 06:30:39 Warning: Warning (2): mysql_get_server_info() expects parameter 1 to be resource, boolean given in [/var/local/share/getput-cake/cake/libs/model/datasources/dbo/dbo_mysql.php, line 566]
2014-04-18 06:30:39 Warning: Warning (2): mysql_query() expects parameter 2 to be resource, boolean given in [/var/local/share/getput-cake/cake/libs/model/datasources/dbo/dbo_mysql.php, line 600]
2014-04-18 06:30:39 Warning: Warning (2): Cannot modify header information - headers already sent by (output started at /var/local/share/getput-cake/cake/libs/debugger.php:673) in [/var/local/share/getput-cake/cake/libs/controller/controller.php, line 746]
2014-05-21 22:18:39 Warning: Warning (2): move_uploaded_file(/CAS_karl21mag@GIANNONI_CARLO.txt) [http://php.net/function.move-uploaded-file]: failed to open stream: Permission denied in [/var/local/share/getput-cake/app/controllers/uploads_controller.php, line 844]
2014-05-21 22:18:39 Warning: Warning (2): move_uploaded_file() [http://php.net/function.move-uploaded-file]: Unable to move '/tmp/phpaDdVkX' to '/CAS_karl21mag@GIANNONI_CARLO.txt' in [/var/local/share/getput-cake/app/controllers/uploads_controller.php, line 844]
2014-07-21 18:25:41 Warning: Warning (2): imap_open() [http://php.net/function.imap-open]: Couldn't open stream {linux:143/imap4/notls} in [/var/local/share/getput-cake/app/controllers/users_controller.php, line 227]
